#-----------------------------------------------------------
# Vivado v2018.3 (64-bit)
# SW Build 2405991 on Thu Dec  6 23:38:27 MST 2018
# IP Build 2404404 on Fri Dec  7 01:43:56 MST 2018
# Start of session at: Tue Sep 23 19:06:39 2025
# Process ID: 19024
# Current directory: D:/source/Vivado/experiment_2/experiment_2
# Command line: vivado.exe -gui_launcher_event rodinguilauncherevent10480 D:\source\Vivado\experiment_2\experiment_2\experiment_2.xpr
# Log file: D:/source/Vivado/experiment_2/experiment_2/vivado.log
# Journal file: D:/source/Vivado/experiment_2/experiment_2\vivado.jou
#-----------------------------------------------------------
start_gui
open_project D:/source/Vivado/experiment_2/experiment_2/experiment_2.xpr
INFO: [Project 1-313] Project file moved from 'C:/Users/Administrator/experiment_2' since last save.
Scanning sources...
Finished scanning sources
INFO: [IP_Flow 19-234] Refreshing IP repositories
INFO: [IP_Flow 19-1704] No user IP repositories specified
INFO: [IP_Flow 19-2313] Loaded Vivado IP repository 'D:/Vivado/Vivado/2018.3/data/ip'.
update_compile_order -fileset sources_1
exit
INFO: [Common 17-206] Exiting Vivado at Tue Sep 23 19:07:03 2025...
